<?xml version="1.0" encoding="UTF-8"?>
<!-- Generated by org.testng.reporters.JUnitReportReporter -->
<testsuite skipped="0" hostname="DESKTOP-S2ULREL" name="TestCASES.CuisinesPageTest" tests="1" failures="0" timestamp="2019-09-20T13:01:33 PDT" time="73.827" errors="0">
  <testcase name="Adds" time="73.827" classname="TestCASES.CuisinesPageTest"/>
</testsuite> <!-- TestCASES.CuisinesPageTest -->
