<?xml version="1.0" encoding="UTF-8"?>
<!-- Generated by org.testng.reporters.JUnitReportReporter -->
<testsuite skipped="0" hostname="DESKTOP-S2ULREL" name="TestCASES.UsersPageTest" tests="1" failures="0" timestamp="2019-09-19T23:09:24 PDT" time="76.183" errors="0">
  <testcase name="Users" time="76.183" classname="TestCASES.UsersPageTest"/>
</testsuite> <!-- TestCASES.UsersPageTest -->
