<?xml version="1.0" encoding="UTF-8"?>
<!-- Generated by org.testng.reporters.JUnitReportReporter -->
<testsuite skipped="0" hostname="DESKTOP-S2ULREL" name="TestCASES.LoginPageTest" tests="1" failures="0" timestamp="2019-09-17T15:29:53 PDT" time="23.597" errors="0">
  <testcase name="loginTest" time="23.597" classname="TestCASES.LoginPageTest"/>
</testsuite> <!-- TestCASES.LoginPageTest -->
