<?xml version="1.0" encoding="UTF-8"?>
<!-- Generated by org.testng.reporters.JUnitReportReporter -->
<testsuite skipped="0" hostname="DESKTOP-S2ULREL" name="TestCASES.RestaurantPageTest" tests="1" failures="0" timestamp="2019-09-19T22:06:36 PDT" time="104.436" errors="0">
  <testcase name="Restaurant" time="104.436" classname="TestCASES.RestaurantPageTest"/>
</testsuite> <!-- TestCASES.RestaurantPageTest -->
