<?xml version="1.0" encoding="UTF-8"?>
<!-- Generated by org.testng.reporters.JUnitReportReporter -->
<testsuite skipped="0" hostname="DESKTOP-S2ULREL" name="TestCASES.FoodItemsPageTest" tests="1" failures="0" timestamp="2019-09-19T23:36:57 PDT" time="62.222" errors="0">
  <testcase name="FoodItems" time="62.222" classname="TestCASES.FoodItemsPageTest"/>
</testsuite> <!-- TestCASES.FoodItemsPageTest -->
